<?xml version="1.0" encoding="UTF-8"?>
<testsuite xmlns:xsi="http://www.w3.org/2001/XMLSchema-instance" xsi:noNamespaceSchemaLocation="https://maven.apache.org/surefire/maven-surefire-plugin/xsd/surefire-test-report.xsd" name="TestSuite" time="14.517" tests="4" errors="0" skipped="1" failures="1">
  <properties>
[...]
</properties>
  <testcase name="test1001" classname="com.prl.tests.TestClass1" time="1.079">
    <failure message="expected [IBM Marketing Platform Login] but found [IBM - Users]" type="java.lang.AssertionError">java.lang.AssertionError: expected [IBM Marketing Platform Login] but found [IBM - Users]
	at com.prl.tests.TestClass1.test1001(TestClass1.java:52)
</failure>
    <system-err><![CDATA[1508688406033	geckodriver	INFO	geckodriver 0.19.0
1508688406042	geckodriver	INFO	Listening on 127.0.0.1:38941
1508688406755	mozrunner::runner	INFO	Running command: "C:\\Program Files\\Mozilla Firefox\\firefox.exe" "-marionette" "-profile" "C:\\Users\\PARIKS~1\\AppData\\Local\\Temp\\rust_mozprofile.QdBWrrp0weAB"
1508688407103	addons.xpi	WARN	Error parsing extensions state: [Exception... "Component returned failure code: 0x80520012 (NS_ERROR_FILE_NOT_FOUND) [amIAddonManagerStartup.readStartupData]"  nsresult: "0x80520012 (NS_ERROR_FILE_NOT_FOUND)"  location: "JS frame :: resource://gre/modules/addons/XPIProvider.jsm :: loadExtensionState :: line 1554"  data: no] Stack trace: loadExtensionState()@resource://gre/modules/addons/XPIProvider.jsm:1554 < getInstallState()@resource://gre/modules/addons/XPIProvider.jsm:1589 < checkForChanges()@resource://gre/modules/addons/XPIProvider.jsm:3109 < startup()@resource://gre/modules/addons/XPIProvider.jsm:2188 < callProvider()@resource://gre/modules/AddonManager.jsm:269 < _startProvider()@resource://gre/modules/AddonManager.jsm:739 < startup()@resource://gre/modules/AddonManager.jsm:906 < startup()@resource://gre/modules/AddonManager.jsm:3090 < observe()@jar:file:///C:/Program%20Files/Mozilla%20Firefox/omni.ja!/components/addonManager.js:65
1508688407502	Marionette	INFO	Enabled via --marionette
Unable to read VR Path Registry from C:\Users\parikshit\AppData\Local\openvr\openvrpaths.vrpath
[Child 15236] WARNING: pipe error: 109: file z:/build/build/src/ipc/chromium/src/chrome/common/ipc_channel_win.cc, line 346
[Child 15236] WARNING: pipe error: 109: file z:/build/build/src/ipc/chromium/src/chrome/common/ipc_channel_win.cc, line 346
1508688409025	Marionette	INFO	Listening on port 64010
1508688410020	Marionette	WARN	TLS certificate errors will be ignored for this session
1508688410056	Marionette	DEBUG	Register listener.js for window 4294967297
Oct 22, 2017 9:36:50 PM org.openqa.selenium.remote.ProtocolHandshake createSession
INFO: Detected dialect: W3C
1508688410154	Marionette	DEBUG	Received DOM event "beforeunload" for "about:blank"
1508688410180	Marionette	DEBUG	Received DOM event "pagehide" for "about:blank"
1508688410180	Marionette	DEBUG	Received DOM event "unload" for "about:blank"
1508688410667	Marionette	DEBUG	Received DOM event "DOMContentLoaded" for "http://rhel65:10000/unica/jsp/frameworklogin.jsp"
1508688410780	Marionette	DEBUG	Received DOM event "pageshow" for "http://rhel65:10000/unica/jsp/frameworklogin.jsp"
]]></system-err>
  </testcase>
  <testcase name="test1001" classname="com.prl.tests.TestClass1" time="3.633"/>
  <testcase name="test1002" classname="com.prl.tests.TestClass1" time="0">
    <skipped message="Method TestClass1.test1002()[pri:0, instance:com.prl.tests.TestClass1@3f2a3a5] depends on not successfully finished methods"/>
  </testcase>
  <testcase name="test1002" classname="com.prl.tests.TestClass1" time="0.742"/>
</testsuite>