<?xml version="1.0" encoding="UTF-8"?>
<!-- Generated by org.testng.reporters.JUnitXMLReporter -->
<testsuite hostname="PRL" name="Test1" tests="4" failures="1" timestamp="22 Oct 2017 16:06:59 GMT" time="13.97" errors="0">
  <testcase name="test1001" time="1.07" classname="com.prl.tests.TestClass1">
    <failure type="java.lang.AssertionError" message="expected [IBM Marketing Platform Login] but found [IBM - Users]">
      <![CDATA[java.lang.AssertionError: expected [IBM Marketing Platform Login] but found [IBM - Users]
	at com.prl.tests.TestClass1.test1001(TestClass1.java:52)
	at java.util.concurrent.FutureTask.run(FutureTask.java:266)
	at java.util.concurrent.ThreadPoolExecutor.runWorker(ThreadPoolExecutor.java:1142)
	at java.util.concurrent.ThreadPoolExecutor$Worker.run(ThreadPoolExecutor.java:617)
	at java.lang.Thread.run(Thread.java:745)
... Removed 21 stack frames]]>
    </failure>
  </testcase> <!-- test1001 -->
  <testcase name="test1001" time="3.634" classname="com.prl.tests.TestClass1"/>
  <testcase name="test1002" time="0.0" classname="com.prl.tests.TestClass1">
    <skipped/>
  </testcase> <!-- test1002 -->
  <testcase name="test1002" time="0.741" classname="com.prl.tests.TestClass1"/>
</testsuite> <!-- Test1 -->
