<?xml version="1.0" encoding="UTF-8"?>
<testng-results skipped="0" failed="0" ignored="0" total="1" passed="1">
  <reporter-output>
  </reporter-output>
  <suite name="Suite" duration-ms="432" started-at="2017-10-22T11:47:27Z" finished-at="2017-10-22T11:47:28Z">
    <groups>
      <group name="cucumber">
        <method signature="AbstractTestNGCucumberTests.feature(cucumber.api.testng.CucumberFeatureWrapper)[pri:0, instance:com.prl.cucumberTestNG.MyTestRunner@7823a2f9]" name="feature" class="cucumber.api.testng.AbstractTestNGCucumberTests"/>
      </group> <!-- cucumber -->
    </groups>
    <test name="Test" duration-ms="432" started-at="2017-10-22T11:47:27Z" finished-at="2017-10-22T11:47:28Z">
      <class name="com.prl.cucumberTestNG.MyTestRunner">
        <test-method status="PASS" signature="setUpClass()[pri:0, instance:com.prl.cucumberTestNG.MyTestRunner@7823a2f9]" name="setUpClass" is-config="true" duration-ms="204" started-at="2017-10-22T17:17:27Z" finished-at="2017-10-22T17:17:27Z">
          <reporter-output>
          </reporter-output>
        </test-method> <!-- setUpClass -->
        <test-method status="PASS" signature="feature(cucumber.api.testng.CucumberFeatureWrapper)[pri:0, instance:com.prl.cucumberTestNG.MyTestRunner@7823a2f9]" name="feature" duration-ms="114" started-at="2017-10-22T17:17:27Z" description="Runs Cucumber Feature" data-provider="features" finished-at="2017-10-22T17:17:28Z">
          <params>
            <param index="0">
              <value>
                <![CDATA[Calculator]]>
              </value>
            </param>
          </params>
          <reporter-output>
          </reporter-output>
        </test-method> <!-- feature -->
        <test-method status="PASS" signature="tearDownClass()[pri:0, instance:com.prl.cucumberTestNG.MyTestRunner@7823a2f9]" name="tearDownClass" is-config="true" duration-ms="4" started-at="2017-10-22T17:17:28Z" finished-at="2017-10-22T17:17:28Z">
          <reporter-output>
          </reporter-output>
        </test-method> <!-- tearDownClass -->
      </class> <!-- com.prl.cucumberTestNG.MyTestRunner -->
    </test> <!-- Test -->
  </suite> <!-- Suite -->
</testng-results>
