<?xml version="1.0" encoding="UTF-8"?>
<!-- Generated by org.testng.reporters.JUnitXMLReporter -->
<testsuite hostname="PRL" name="Test" tests="1" failures="1" timestamp="17 Jan 2017 08:23:08 GMT" time="21.45" errors="0">
  <testcase name="Test1" time="15.493" classname="com.AppiumMavenTestNG.BasicWD">
    <failure type="java.lang.NullPointerException">
      <![CDATA[java.lang.NullPointerException
	at com.prl.DriverFactory.DriverFactoryClass.getDriver(DriverFactoryClass.java:31)
	at com.AppiumMavenTestNG.BasicWD.Test1(BasicWD.java:12)
... Removed 24 stack frames]]>
    </failure>
  </testcase> <!-- Test1 -->
</testsuite> <!-- Test -->
