<?xml version="1.0" encoding="UTF-8"?>
<!-- Generated by org.testng.reporters.JUnitXMLReporter -->
<testsuite hostname="PRL" name="Test1" tests="3" failures="0" timestamp="10 Oct 2017 07:26:43 GMT" time="0.014" errors="0">
  <testcase name="testMethod1TestClass2" time="0.001" classname="com.prl.TestClass2"/>
  <testcase name="testMethod2TestClass2" time="0.0" classname="com.prl.TestClass2"/>
  <testcase name="testMethod1TestClass2" time="0.001" classname="com.prl.TestClass4"/>
</testsuite> <!-- Test1 -->
