<?xml version="1.0" encoding="UTF-8"?>
<!-- Generated by org.testng.reporters.JUnitXMLReporter -->
<testsuite hostname="PRL" ignored="0" name="Test1" tests="5" failures="0" timestamp="10 Oct 2017 17:47:44 GMT" time="71.405" errors="0">
  <testcase name="testMethod1" time="0.177" classname="com.prl.TestClass6"/>
  <testcase name="testMethod3" time="0.002" classname="com.prl.TestClass6"/>
  <testcase name="testMethod5" time="0.002" classname="com.prl.TestClass6"/>
  <testcase name="testMethod4" time="0.002" classname="com.prl.TestClass6"/>
  <testcase name="testMethod2" time="0.001" classname="com.prl.TestClass6"/>
</testsuite> <!-- Test1 -->
