<?xml version="1.0" encoding="UTF-8"?>
<!-- Generated by org.testng.reporters.JUnitXMLReporter -->
<testsuite hostname="PRL" name="Default test" tests="5" failures="0" timestamp="27 Jan 2017 17:40:44 GMT" time="6.354" errors="0">
  <testcase name="Copy of TestCase2" time="0.018" classname="com.prl.soapuitest.TestCreator"/>
  <testcase name="TestCase2" time="0.012" classname="com.prl.soapuitest.TestCreator"/>
  <testcase name="GroovyTest1" time="3.671" classname="com.prl.soapuitest.TestCreator"/>
  <testcase name="Copy of GroovyTest1" time="1.703" classname="com.prl.soapuitest.TestCreator"/>
  <testcase name="TestCase 1" time="0.915" classname="com.prl.soapuitest.TestCreator"/>
</testsuite> <!-- Default test -->
