<?xml version="1.0" encoding="UTF-8"?>
<testng-results skipped="0" failed="0" total="6" passed="6">
  <reporter-output>
  </reporter-output>
  <suite name="Suite" duration-ms="64" started-at="2017-10-01T16:35:16Z" finished-at="2017-10-01T16:35:16Z">
    <groups>
    </groups>
    <test name="Test1" duration-ms="34" started-at="2017-10-01T16:35:16Z" finished-at="2017-10-01T16:35:16Z">
      <class name="com.prl.TestClass2">
        <test-method status="PASS" signature="testMethod1()[pri:0, instance:com.prl.TestClass2@6bdf28bb]" test-instance-name="" name="testMethod1" duration-ms="12" started-at="2017-10-01T22:05:16Z" finished-at="2017-10-01T22:05:16Z">
          <reporter-output>
          </reporter-output>
        </test-method> <!-- testMethod1 -->
        <test-method status="PASS" signature="testMethod2()[pri:0, instance:com.prl.TestClass2@6bdf28bb]" test-instance-name="" name="testMethod2" duration-ms="0" started-at="2017-10-01T22:05:16Z" finished-at="2017-10-01T22:05:16Z">
          <reporter-output>
          </reporter-output>
        </test-method> <!-- testMethod2 -->
        <test-method status="PASS" signature="letsSee()[pri:0, instance:com.prl.TestClass2@6bdf28bb]" test-instance-name="" name="letsSee" is-config="true" duration-ms="1" started-at="2017-10-01T22:05:16Z" finished-at="2017-10-01T22:05:16Z">
          <reporter-output>
          </reporter-output>
        </test-method> <!-- letsSee -->
      </class> <!-- com.prl.TestClass2 -->
      <class name="com.prl.TestClass3">
        <test-method status="PASS" signature="testMethod1()[pri:0, instance:com.prl.TestClass3@6b71769e]" name="testMethod1" duration-ms="1" started-at="2017-10-01T22:05:16Z" finished-at="2017-10-01T22:05:16Z">
          <reporter-output>
          </reporter-output>
        </test-method> <!-- testMethod1 -->
        <test-method status="PASS" signature="testMethod2()[pri:0, instance:com.prl.TestClass3@6b71769e]" name="testMethod2" duration-ms="1" started-at="2017-10-01T22:05:16Z" finished-at="2017-10-01T22:05:16Z">
          <reporter-output>
          </reporter-output>
        </test-method> <!-- testMethod2 -->
      </class> <!-- com.prl.TestClass3 -->
    </test> <!-- Test1 -->
    <test name="Test2" duration-ms="2" started-at="2017-10-01T16:35:16Z" finished-at="2017-10-01T16:35:16Z">
      <class name="com.prl.TestClass4">
        <test-method status="PASS" signature="testMethod1()[pri:0, instance:com.prl.TestClass4@39ba5a14]" test-instance-name="" name="testMethod1" duration-ms="1" started-at="2017-10-01T22:05:16Z" finished-at="2017-10-01T22:05:16Z">
          <reporter-output>
          </reporter-output>
        </test-method> <!-- testMethod1 -->
        <test-method status="PASS" signature="testMethod2()[pri:0, instance:com.prl.TestClass4@39ba5a14]" test-instance-name="" name="testMethod2" duration-ms="0" started-at="2017-10-01T22:05:16Z" finished-at="2017-10-01T22:05:16Z">
          <reporter-output>
          </reporter-output>
        </test-method> <!-- testMethod2 -->
      </class> <!-- com.prl.TestClass4 -->
    </test> <!-- Test2 -->
  </suite> <!-- Suite -->
</testng-results>
