<?xml version="1.0" encoding="UTF-8"?>
<testsuite xmlns:xsi="http://www.w3.org/2001/XMLSchema-instance" xsi:noNamespaceSchemaLocation="https://maven.apache.org/surefire/maven-surefire-plugin/xsd/surefire-test-report.xsd" name="TestSuite" time="0.56" tests="6" errors="0" skipped="0" failures="0">
  <properties>
[...]
</properties>
  <testcase name="(com.prl.TestClass2)" classname="com.prl.TestClass2" time="0.011"/>
  <testcase name="(com.prl.TestClass2)" classname="com.prl.TestClass2" time="0.001"/>
  <testcase name="testMethod1" classname="com.prl.TestClass3" time="0.001"/>
  <testcase name="testMethod2" classname="com.prl.TestClass3" time="0.001"/>
  <testcase name="(com.prl.TestClass4)" classname="com.prl.TestClass4" time="0"/>
  <testcase name="(com.prl.TestClass4)" classname="com.prl.TestClass4" time="0.001"/>
</testsuite>