<?xml version="1.0" encoding="UTF-8"?>
<testng-results skipped="0" failed="0" total="1" passed="1">
  <reporter-output>
  </reporter-output>
  <suite name="Surefire suite" duration-ms="16280" started-at="2017-01-19T09:15:28Z" finished-at="2017-01-19T09:15:45Z">
    <groups>
    </groups>
    <test name="Surefire test" duration-ms="16280" started-at="2017-01-19T09:15:28Z" finished-at="2017-01-19T09:15:45Z">
      <class name="com.AppiumMavenTestNG.BasicWD">
        <test-method status="PASS" signature="instantiateDriverObject()[pri:0, instance:com.AppiumMavenTestNG.BasicWD@6b143ee9]" name="instantiateDriverObject" is-config="true" duration-ms="23" started-at="2017-01-19T14:45:28Z" finished-at="2017-01-19T14:45:28Z">
          <reporter-output>
          </reporter-output>
        </test-method> <!-- instantiateDriverObject -->
        <test-method status="PASS" signature="Test1()[pri:0, instance:com.AppiumMavenTestNG.BasicWD@6b143ee9]" name="Test1" duration-ms="16261" started-at="2017-01-19T14:45:28Z" finished-at="2017-01-19T14:45:45Z">
          <reporter-output>
          </reporter-output>
        </test-method> <!-- Test1 -->
      </class> <!-- com.AppiumMavenTestNG.BasicWD -->
    </test> <!-- Surefire test -->
  </suite> <!-- Surefire suite -->
</testng-results>
