<?xml version="1.0" encoding="UTF-8"?>
<testng-results skipped="0" failed="0" ignored="0" total="5" passed="5">
  <reporter-output>
  </reporter-output>
  <suite name="Suite" duration-ms="71405" started-at="2017-10-10T17:46:32Z" finished-at="2017-10-10T17:47:44Z">
    <groups>
    </groups>
    <test name="Test1" duration-ms="71405" started-at="2017-10-10T17:46:32Z" finished-at="2017-10-10T17:47:44Z">
      <class name="com.prl.TestClass6">
        <test-method status="PASS" signature="testMethod1()[pri:1, instance:com.prl.TestClass6@78e117e3]" name="testMethod1" duration-ms="177" started-at="2017-10-10T23:17:38Z" finished-at="2017-10-10T23:17:38Z">
          <reporter-output>
          </reporter-output>
        </test-method> <!-- testMethod1 -->
        <test-method status="PASS" signature="testMethod3()[pri:2, instance:com.prl.TestClass6@78e117e3]" name="testMethod3" duration-ms="2" started-at="2017-10-10T23:17:44Z" finished-at="2017-10-10T23:17:44Z">
          <reporter-output>
          </reporter-output>
        </test-method> <!-- testMethod3 -->
        <test-method status="PASS" signature="testMethod5()[pri:3, instance:com.prl.TestClass6@78e117e3]" name="testMethod5" duration-ms="2" started-at="2017-10-10T23:17:44Z" finished-at="2017-10-10T23:17:44Z">
          <reporter-output>
          </reporter-output>
        </test-method> <!-- testMethod5 -->
        <test-method status="PASS" signature="testMethod4()[pri:4, instance:com.prl.TestClass6@78e117e3]" name="testMethod4" duration-ms="2" started-at="2017-10-10T23:17:44Z" finished-at="2017-10-10T23:17:44Z">
          <reporter-output>
          </reporter-output>
        </test-method> <!-- testMethod4 -->
        <test-method status="PASS" signature="testMethod2()[pri:5, instance:com.prl.TestClass6@78e117e3]" name="testMethod2" duration-ms="1" started-at="2017-10-10T23:17:44Z" finished-at="2017-10-10T23:17:44Z">
          <reporter-output>
          </reporter-output>
        </test-method> <!-- testMethod2 -->
      </class> <!-- com.prl.TestClass6 -->
    </test> <!-- Test1 -->
  </suite> <!-- Suite -->
</testng-results>
