<?xml version="1.0" encoding="UTF-8"?>
<!-- Generated by org.testng.reporters.JUnitXMLReporter -->
<testsuite hostname="PRL" name="Test1" tests="4" failures="0" timestamp="1 Oct 2017 16:35:16 GMT" time="0.034" errors="0">
  <testcase name="" time="0.012" classname="com.prl.TestClass2"/>
  <testcase name="" time="0.0" classname="com.prl.TestClass2"/>
  <testcase name="testMethod1" time="0.001" classname="com.prl.TestClass3"/>
  <testcase name="testMethod2" time="0.001" classname="com.prl.TestClass3"/>
</testsuite> <!-- Test1 -->
